2026/06/07 07:33:07 [notice] 1#1: using the "epoll" event method
2026/06/07 07:33:07 [notice] 1#1: nginx/1.28.0
2026/06/07 07:33:07 [notice] 1#1: built by gcc 14.2.0 (Alpine 14.2.0) 
2026/06/07 07:33:07 [notice] 1#1: OS: Linux 6.17.0-35-generic
2026/06/07 07:33:07 [notice] 1#1: getrlimit(RLIMIT_NOFILE): 1024:524288
2026/06/07 07:33:07 [notice] 1#1: start worker processes
2026/06/07 07:33:07 [notice] 1#1: start worker process 30
2026/06/07 07:33:07 [notice] 1#1: start worker process 31
2026/06/07 07:33:07 [notice] 1#1: start worker process 32
2026/06/07 07:33:07 [notice] 1#1: start worker process 33
2026/06/07 09:30:59 [notice] 1#1: signal 3 (SIGQUIT) received, shutting down
2026/06/07 09:30:59 [notice] 30#30: gracefully shutting down
2026/06/07 09:30:59 [notice] 32#32: gracefully shutting down
2026/06/07 09:30:59 [notice] 31#31: gracefully shutting down
2026/06/07 09:30:59 [notice] 33#33: gracefully shutting down
2026/06/07 09:30:59 [notice] 30#30: exiting
2026/06/07 09:30:59 [notice] 31#31: exiting
2026/06/07 09:30:59 [notice] 33#33: exiting
2026/06/07 09:30:59 [notice] 32#32: exiting
2026/06/07 09:30:59 [notice] 33#33: exit
2026/06/07 09:30:59 [notice] 32#32: exit
2026/06/07 09:30:59 [notice] 30#30: exit
2026/06/07 09:30:59 [notice] 31#31: exit
2026/06/07 09:30:59 [notice] 1#1: signal 17 (SIGCHLD) received from 32
2026/06/07 09:30:59 [notice] 1#1: worker process 31 exited with code 0
2026/06/07 09:30:59 [notice] 1#1: worker process 32 exited with code 0
2026/06/07 09:30:59 [notice] 1#1: signal 29 (SIGIO) received
2026/06/07 09:30:59 [notice] 1#1: signal 17 (SIGCHLD) received from 30
2026/06/07 09:30:59 [notice] 1#1: worker process 30 exited with code 0
2026/06/07 09:30:59 [notice] 1#1: worker process 33 exited with code 0
2026/06/07 09:30:59 [notice] 1#1: exit
2026/06/07 09:31:00 [notice] 1#1: using the "epoll" event method
2026/06/07 09:31:00 [notice] 1#1: nginx/1.28.0
2026/06/07 09:31:00 [notice] 1#1: built by gcc 14.2.0 (Alpine 14.2.0) 
2026/06/07 09:31:00 [notice] 1#1: OS: Linux 6.17.0-35-generic
2026/06/07 09:31:00 [notice] 1#1: getrlimit(RLIMIT_NOFILE): 1024:524288
2026/06/07 09:31:00 [notice] 1#1: start worker processes
2026/06/07 09:31:00 [notice] 1#1: start worker process 22
2026/06/07 09:31:00 [notice] 1#1: start worker process 23
2026/06/07 09:31:00 [notice] 1#1: start worker process 24
2026/06/07 09:31:00 [notice] 1#1: start worker process 25
2026/06/07 09:47:05 [error] 24#24: *2 open() "/usr/share/nginx/html/favicon.ico" failed (2: No such file or directory), client: 192.168.1.246, server: localhost, request: "GET /favicon.ico HTTP/1.1", host: "192.168.1.246", referrer: "http://192.168.1.246/"
2026/06/07 10:11:46 [notice] 1#1: signal 3 (SIGQUIT) received, shutting down
2026/06/07 10:11:46 [notice] 22#22: gracefully shutting down
2026/06/07 10:11:46 [notice] 25#25: gracefully shutting down
2026/06/07 10:11:46 [notice] 23#23: gracefully shutting down
2026/06/07 10:11:46 [notice] 23#23: exiting
2026/06/07 10:11:46 [notice] 24#24: gracefully shutting down
2026/06/07 10:11:46 [notice] 22#22: exiting
2026/06/07 10:11:46 [notice] 25#25: exiting
2026/06/07 10:11:46 [notice] 23#23: exit
2026/06/07 10:11:46 [notice] 24#24: exiting
2026/06/07 10:11:46 [notice] 22#22: exit
2026/06/07 10:11:46 [notice] 25#25: exit
2026/06/07 10:11:46 [notice] 24#24: exit
2026/06/07 10:11:46 [notice] 1#1: signal 17 (SIGCHLD) received from 23
2026/06/07 10:11:46 [notice] 1#1: worker process 23 exited with code 0
2026/06/07 10:11:46 [notice] 1#1: worker process 24 exited with code 0
2026/06/07 10:11:46 [notice] 1#1: worker process 25 exited with code 0
2026/06/07 10:11:46 [notice] 1#1: signal 17 (SIGCHLD) received from 22
2026/06/07 10:11:46 [notice] 1#1: worker process 22 exited with code 0
2026/06/07 10:11:46 [notice] 1#1: exit
2026/06/07 10:11:47 [notice] 1#1: using the "epoll" event method
2026/06/07 10:11:47 [notice] 1#1: nginx/1.28.0
2026/06/07 10:11:47 [notice] 1#1: built by gcc 14.2.0 (Alpine 14.2.0) 
2026/06/07 10:11:47 [notice] 1#1: OS: Linux 6.17.0-35-generic
2026/06/07 10:11:47 [notice] 1#1: getrlimit(RLIMIT_NOFILE): 1024:524288
2026/06/07 10:11:47 [notice] 1#1: start worker processes
2026/06/07 10:11:47 [notice] 1#1: start worker process 23
2026/06/07 10:11:47 [notice] 1#1: start worker process 24
2026/06/07 10:11:47 [notice] 1#1: start worker process 25
2026/06/07 10:11:47 [notice] 1#1: start worker process 26
2026/06/07 10:31:41 [notice] 1#1: signal 3 (SIGQUIT) received, shutting down
2026/06/07 10:31:41 [notice] 23#23: gracefully shutting down
2026/06/07 10:31:41 [notice] 26#26: gracefully shutting down
2026/06/07 10:31:41 [notice] 24#24: gracefully shutting down
2026/06/07 10:31:41 [notice] 24#24: exiting
2026/06/07 10:31:41 [notice] 25#25: gracefully shutting down
2026/06/07 10:31:41 [notice] 25#25: exiting
2026/06/07 10:31:41 [notice] 26#26: exiting
2026/06/07 10:31:41 [notice] 25#25: exit
2026/06/07 10:31:41 [notice] 24#24: exit
2026/06/07 10:31:41 [notice] 26#26: exit
2026/06/07 10:31:41 [notice] 23#23: exiting
2026/06/07 10:31:41 [notice] 23#23: exit
2026/06/07 10:31:41 [notice] 1#1: signal 17 (SIGCHLD) received from 26
2026/06/07 10:31:41 [notice] 1#1: worker process 23 exited with code 0
2026/06/07 10:31:41 [notice] 1#1: worker process 24 exited with code 0
2026/06/07 10:31:41 [notice] 1#1: worker process 26 exited with code 0
2026/06/07 10:31:41 [notice] 1#1: signal 29 (SIGIO) received
2026/06/07 10:31:41 [notice] 1#1: signal 17 (SIGCHLD) received from 25
2026/06/07 10:31:41 [notice] 1#1: worker process 25 exited with code 0
2026/06/07 10:31:41 [notice] 1#1: exit
2026/06/07 10:31:42 [notice] 1#1: using the "epoll" event method
2026/06/07 10:31:42 [notice] 1#1: nginx/1.28.0
2026/06/07 10:31:42 [notice] 1#1: built by gcc 14.2.0 (Alpine 14.2.0) 
2026/06/07 10:31:42 [notice] 1#1: OS: Linux 6.17.0-35-generic
2026/06/07 10:31:42 [notice] 1#1: getrlimit(RLIMIT_NOFILE): 1024:524288
2026/06/07 10:31:42 [notice] 1#1: start worker processes
2026/06/07 10:31:42 [notice] 1#1: start worker process 23
2026/06/07 10:31:42 [notice] 1#1: start worker process 24
2026/06/07 10:31:42 [notice] 1#1: start worker process 25
2026/06/07 10:31:42 [notice] 1#1: start worker process 26
2026/06/07 12:09:31 [notice] 1#1: signal 3 (SIGQUIT) received, shutting down
2026/06/07 12:09:31 [notice] 23#23: gracefully shutting down
2026/06/07 12:09:31 [notice] 24#24: gracefully shutting down
2026/06/07 12:09:31 [notice] 26#26: gracefully shutting down
2026/06/07 12:09:31 [notice] 26#26: exiting
2026/06/07 12:09:31 [notice] 25#25: gracefully shutting down
2026/06/07 12:09:31 [notice] 24#24: exiting
2026/06/07 12:09:31 [notice] 25#25: exiting
2026/06/07 12:09:31 [notice] 23#23: exiting
2026/06/07 12:09:31 [notice] 26#26: exit
2026/06/07 12:09:31 [notice] 24#24: exit
2026/06/07 12:09:31 [notice] 23#23: exit
2026/06/07 12:09:31 [notice] 25#25: exit
2026/06/07 12:09:31 [notice] 1#1: signal 17 (SIGCHLD) received from 25
2026/06/07 12:09:31 [notice] 1#1: worker process 25 exited with code 0
2026/06/07 12:09:31 [notice] 1#1: signal 29 (SIGIO) received
2026/06/07 12:09:31 [notice] 1#1: signal 17 (SIGCHLD) received from 24
2026/06/07 12:09:31 [notice] 1#1: worker process 24 exited with code 0
2026/06/07 12:09:31 [notice] 1#1: signal 29 (SIGIO) received
2026/06/07 12:09:31 [notice] 1#1: signal 17 (SIGCHLD) received from 26
2026/06/07 12:09:31 [notice] 1#1: worker process 23 exited with code 0
2026/06/07 12:09:31 [notice] 1#1: worker process 26 exited with code 0
2026/06/07 12:09:31 [notice] 1#1: exit
2026/06/07 12:13:25 [notice] 1#1: using the "epoll" event method
2026/06/07 12:13:25 [notice] 1#1: nginx/1.28.0
2026/06/07 12:13:25 [notice] 1#1: built by gcc 14.2.0 (Alpine 14.2.0) 
2026/06/07 12:13:25 [notice] 1#1: OS: Linux 6.17.0-35-generic
2026/06/07 12:13:25 [notice] 1#1: getrlimit(RLIMIT_NOFILE): 1024:524288
2026/06/07 12:13:25 [notice] 1#1: start worker processes
2026/06/07 12:13:25 [notice] 1#1: start worker process 22
2026/06/07 12:13:25 [notice] 1#1: start worker process 23
2026/06/07 12:13:25 [notice] 1#1: start worker process 24
2026/06/07 12:13:25 [notice] 1#1: start worker process 25
2026/06/07 12:32:13 [notice] 1#1: signal 3 (SIGQUIT) received, shutting down
2026/06/07 12:32:13 [notice] 22#22: gracefully shutting down
2026/06/07 12:32:13 [notice] 24#24: gracefully shutting down
2026/06/07 12:32:13 [notice] 24#24: exiting
2026/06/07 12:32:13 [notice] 25#25: gracefully shutting down
2026/06/07 12:32:13 [notice] 25#25: exiting
2026/06/07 12:32:13 [notice] 22#22: exiting
2026/06/07 12:32:13 [notice] 22#22: exit
2026/06/07 12:32:13 [notice] 25#25: exit
2026/06/07 12:32:13 [notice] 24#24: exit
2026/06/07 12:32:13 [notice] 23#23: gracefully shutting down
2026/06/07 12:32:13 [notice] 23#23: exiting
2026/06/07 12:32:13 [notice] 23#23: exit
2026/06/07 12:32:13 [notice] 1#1: signal 17 (SIGCHLD) received from 24
2026/06/07 12:32:13 [notice] 1#1: worker process 24 exited with code 0
2026/06/07 12:32:13 [notice] 1#1: signal 29 (SIGIO) received
2026/06/07 12:32:13 [notice] 1#1: signal 17 (SIGCHLD) received from 23
2026/06/07 12:32:13 [notice] 1#1: worker process 23 exited with code 0
2026/06/07 12:32:13 [notice] 1#1: signal 29 (SIGIO) received
2026/06/07 12:32:13 [notice] 1#1: signal 17 (SIGCHLD) received from 25
2026/06/07 12:32:13 [notice] 1#1: worker process 25 exited with code 0
2026/06/07 12:32:13 [notice] 1#1: signal 29 (SIGIO) received
2026/06/07 12:32:13 [notice] 1#1: signal 17 (SIGCHLD) received from 22
2026/06/07 12:32:13 [notice] 1#1: worker process 22 exited with code 0
2026/06/07 12:32:13 [notice] 1#1: exit
2026/06/07 12:32:13 [notice] 1#1: using the "epoll" event method
2026/06/07 12:32:13 [notice] 1#1: nginx/1.28.0
2026/06/07 12:32:13 [notice] 1#1: built by gcc 14.2.0 (Alpine 14.2.0) 
2026/06/07 12:32:13 [notice] 1#1: OS: Linux 6.17.0-35-generic
2026/06/07 12:32:13 [notice] 1#1: getrlimit(RLIMIT_NOFILE): 1024:524288
2026/06/07 12:32:13 [notice] 1#1: start worker processes
2026/06/07 12:32:13 [notice] 1#1: start worker process 22
2026/06/07 12:32:13 [notice] 1#1: start worker process 23
2026/06/07 12:32:13 [notice] 1#1: start worker process 24
2026/06/07 12:32:13 [notice] 1#1: start worker process 25
2026/06/07 12:44:21 [notice] 1#1: signal 3 (SIGQUIT) received, shutting down
2026/06/07 12:44:21 [notice] 23#23: gracefully shutting down
2026/06/07 12:44:21 [notice] 23#23: exiting
2026/06/07 12:44:21 [notice] 24#24: gracefully shutting down
2026/06/07 12:44:21 [notice] 22#22: gracefully shutting down
2026/06/07 12:44:21 [notice] 22#22: exiting
2026/06/07 12:44:21 [notice] 24#24: exiting
2026/06/07 12:44:21 [notice] 22#22: exit
2026/06/07 12:44:21 [notice] 24#24: exit
2026/06/07 12:44:21 [notice] 25#25: gracefully shutting down
2026/06/07 12:44:21 [notice] 23#23: exit
2026/06/07 12:44:21 [notice] 25#25: exiting
2026/06/07 12:44:21 [notice] 25#25: exit
2026/06/07 12:44:21 [notice] 1#1: signal 17 (SIGCHLD) received from 22
2026/06/07 12:44:21 [notice] 1#1: worker process 22 exited with code 0
2026/06/07 12:44:21 [notice] 1#1: signal 29 (SIGIO) received
2026/06/07 12:44:21 [notice] 1#1: signal 17 (SIGCHLD) received from 25
2026/06/07 12:44:21 [notice] 1#1: worker process 25 exited with code 0
2026/06/07 12:44:21 [notice] 1#1: signal 29 (SIGIO) received
2026/06/07 12:44:21 [notice] 1#1: signal 17 (SIGCHLD) received from 24
2026/06/07 12:44:21 [notice] 1#1: worker process 24 exited with code 0
2026/06/07 12:44:21 [notice] 1#1: signal 29 (SIGIO) received
2026/06/07 12:44:21 [notice] 1#1: signal 17 (SIGCHLD) received from 23
2026/06/07 12:44:21 [notice] 1#1: worker process 23 exited with code 0
2026/06/07 12:44:21 [notice] 1#1: exit
2026/06/07 12:46:57 [notice] 1#1: using the "epoll" event method
2026/06/07 12:46:57 [notice] 1#1: nginx/1.28.0
2026/06/07 12:46:57 [notice] 1#1: built by gcc 14.2.0 (Alpine 14.2.0) 
2026/06/07 12:46:57 [notice] 1#1: OS: Linux 6.17.0-35-generic
2026/06/07 12:46:57 [notice] 1#1: getrlimit(RLIMIT_NOFILE): 1024:524288
2026/06/07 12:46:57 [notice] 1#1: start worker processes
2026/06/07 12:46:57 [notice] 1#1: start worker process 22
2026/06/07 12:46:57 [notice] 1#1: start worker process 23
2026/06/07 12:46:57 [notice] 1#1: start worker process 24
2026/06/07 12:46:57 [notice] 1#1: start worker process 25
2026/06/07 13:17:49 [notice] 1#1: signal 3 (SIGQUIT) received, shutting down
2026/06/07 13:17:50 [notice] 22#22: gracefully shutting down
2026/06/07 13:17:50 [notice] 23#23: gracefully shutting down
2026/06/07 13:17:50 [notice] 24#24: gracefully shutting down
2026/06/07 13:17:50 [notice] 25#25: gracefully shutting down
2026/06/07 13:17:50 [notice] 25#25: exiting
2026/06/07 13:17:50 [notice] 23#23: exiting
2026/06/07 13:17:50 [notice] 25#25: exit
2026/06/07 13:17:50 [notice] 23#23: exit
2026/06/07 13:17:50 [notice] 24#24: exiting
2026/06/07 13:17:50 [notice] 24#24: exit
2026/06/07 13:17:50 [notice] 22#22: exiting
2026/06/07 13:17:50 [notice] 22#22: exit
2026/06/07 13:17:50 [notice] 1#1: signal 17 (SIGCHLD) received from 22
2026/06/07 13:17:50 [notice] 1#1: worker process 22 exited with code 0
2026/06/07 13:17:50 [notice] 1#1: worker process 25 exited with code 0
2026/06/07 13:17:50 [notice] 1#1: signal 29 (SIGIO) received
2026/06/07 13:17:50 [notice] 1#1: signal 17 (SIGCHLD) received from 24
2026/06/07 13:17:50 [notice] 1#1: worker process 24 exited with code 0
2026/06/07 13:17:50 [notice] 1#1: signal 29 (SIGIO) received
2026/06/07 13:17:50 [notice] 1#1: signal 17 (SIGCHLD) received from 23
2026/06/07 13:17:50 [notice] 1#1: worker process 23 exited with code 0
2026/06/07 13:17:50 [notice] 1#1: exit
2026/06/07 13:17:51 [notice] 1#1: using the "epoll" event method
2026/06/07 13:17:51 [notice] 1#1: nginx/1.28.0
2026/06/07 13:17:51 [notice] 1#1: built by gcc 14.2.0 (Alpine 14.2.0) 
2026/06/07 13:17:51 [notice] 1#1: OS: Linux 6.17.0-35-generic
2026/06/07 13:17:51 [notice] 1#1: getrlimit(RLIMIT_NOFILE): 1024:524288
2026/06/07 13:17:51 [notice] 1#1: start worker processes
2026/06/07 13:17:51 [notice] 1#1: start worker process 22
2026/06/07 13:17:51 [notice] 1#1: start worker process 23
2026/06/07 13:17:51 [notice] 1#1: start worker process 24
2026/06/07 13:17:51 [notice] 1#1: start worker process 25
2026/06/07 13:32:29 [notice] 1#1: signal 3 (SIGQUIT) received, shutting down
2026/06/07 13:32:29 [notice] 23#23: gracefully shutting down
2026/06/07 13:32:29 [notice] 24#24: gracefully shutting down
2026/06/07 13:32:29 [notice] 22#22: gracefully shutting down
2026/06/07 13:32:29 [notice] 25#25: gracefully shutting down
2026/06/07 13:32:29 [notice] 23#23: exiting
2026/06/07 13:32:29 [notice] 24#24: exiting
2026/06/07 13:32:29 [notice] 25#25: exiting
2026/06/07 13:32:29 [notice] 22#22: exiting
2026/06/07 13:32:29 [notice] 24#24: exit
2026/06/07 13:32:29 [notice] 22#22: exit
2026/06/07 13:32:29 [notice] 25#25: exit
2026/06/07 13:32:29 [notice] 23#23: exit
2026/06/07 13:32:29 [notice] 1#1: signal 17 (SIGCHLD) received from 22
2026/06/07 13:32:29 [notice] 1#1: worker process 22 exited with code 0
2026/06/07 13:32:29 [notice] 1#1: worker process 24 exited with code 0
2026/06/07 13:32:29 [notice] 1#1: signal 29 (SIGIO) received
2026/06/07 13:32:29 [notice] 1#1: signal 17 (SIGCHLD) received from 24
2026/06/07 13:32:29 [notice] 1#1: signal 17 (SIGCHLD) received from 25
2026/06/07 13:32:29 [notice] 1#1: worker process 23 exited with code 0
2026/06/07 13:32:29 [notice] 1#1: worker process 25 exited with code 0
2026/06/07 13:32:29 [notice] 1#1: exit
2026/06/07 13:34:17 [notice] 1#1: using the "epoll" event method
2026/06/07 13:34:17 [notice] 1#1: nginx/1.28.0
2026/06/07 13:34:17 [notice] 1#1: built by gcc 14.2.0 (Alpine 14.2.0) 
2026/06/07 13:34:17 [notice] 1#1: OS: Linux 6.17.0-35-generic
2026/06/07 13:34:17 [notice] 1#1: getrlimit(RLIMIT_NOFILE): 1024:524288
2026/06/07 13:34:17 [notice] 1#1: start worker processes
2026/06/07 13:34:17 [notice] 1#1: start worker process 22
2026/06/07 13:34:17 [notice] 1#1: start worker process 23
2026/06/07 13:34:17 [notice] 1#1: start worker process 24
2026/06/07 13:34:17 [notice] 1#1: start worker process 25
2026/06/07 13:47:10 [notice] 1#1: signal 3 (SIGQUIT) received, shutting down
2026/06/07 13:47:10 [notice] 22#22: gracefully shutting down
2026/06/07 13:47:10 [notice] 25#25: gracefully shutting down
2026/06/07 13:47:10 [notice] 22#22: exiting
2026/06/07 13:47:10 [notice] 25#25: exiting
2026/06/07 13:47:10 [notice] 23#23: gracefully shutting down
2026/06/07 13:47:10 [notice] 23#23: exiting
2026/06/07 13:47:10 [notice] 24#24: gracefully shutting down
2026/06/07 13:47:10 [notice] 24#24: exiting
2026/06/07 13:47:10 [notice] 25#25: exit
2026/06/07 13:47:10 [notice] 24#24: exit
2026/06/07 13:47:10 [notice] 22#22: exit
2026/06/07 13:47:10 [notice] 23#23: exit
2026/06/07 13:47:10 [notice] 1#1: signal 17 (SIGCHLD) received from 25
2026/06/07 13:47:10 [notice] 1#1: worker process 23 exited with code 0
2026/06/07 13:47:10 [notice] 1#1: worker process 25 exited with code 0
2026/06/07 13:47:10 [notice] 1#1: signal 29 (SIGIO) received
2026/06/07 13:47:10 [notice] 1#1: signal 17 (SIGCHLD) received from 23
2026/06/07 13:47:10 [notice] 1#1: signal 17 (SIGCHLD) received from 22
2026/06/07 13:47:10 [notice] 1#1: worker process 22 exited with code 0
2026/06/07 13:47:10 [notice] 1#1: signal 29 (SIGIO) received
2026/06/07 13:47:10 [notice] 1#1: signal 17 (SIGCHLD) received from 24
2026/06/07 13:47:10 [notice] 1#1: worker process 24 exited with code 0
2026/06/07 13:47:10 [notice] 1#1: exit
2026/06/07 13:59:18 [notice] 1#1: using the "epoll" event method
2026/06/07 13:59:18 [notice] 1#1: nginx/1.28.0
2026/06/07 13:59:18 [notice] 1#1: built by gcc 14.2.0 (Alpine 14.2.0) 
2026/06/07 13:59:18 [notice] 1#1: OS: Linux 6.17.0-35-generic
2026/06/07 13:59:18 [notice] 1#1: getrlimit(RLIMIT_NOFILE): 1024:524288
2026/06/07 13:59:18 [notice] 1#1: start worker processes
2026/06/07 13:59:18 [notice] 1#1: start worker process 22
2026/06/07 13:59:18 [notice] 1#1: start worker process 23
2026/06/07 13:59:18 [notice] 1#1: start worker process 24
2026/06/07 13:59:18 [notice] 1#1: start worker process 25
2026/06/07 14:11:51 [notice] 1#1: signal 3 (SIGQUIT) received, shutting down
2026/06/07 14:11:51 [notice] 23#23: gracefully shutting down
2026/06/07 14:11:51 [notice] 24#24: gracefully shutting down
2026/06/07 14:11:51 [notice] 22#22: gracefully shutting down
2026/06/07 14:11:51 [notice] 23#23: exiting
2026/06/07 14:11:51 [notice] 24#24: exiting
2026/06/07 14:11:51 [notice] 22#22: exiting
2026/06/07 14:11:51 [notice] 25#25: gracefully shutting down
2026/06/07 14:11:51 [notice] 25#25: exiting
2026/06/07 14:11:51 [notice] 22#22: exit
2026/06/07 14:11:51 [notice] 25#25: exit
2026/06/07 14:11:51 [notice] 23#23: exit
2026/06/07 14:11:51 [notice] 24#24: exit
2026/06/07 14:11:51 [notice] 1#1: signal 17 (SIGCHLD) received from 22
2026/06/07 14:11:51 [notice] 1#1: worker process 22 exited with code 0
2026/06/07 14:11:51 [notice] 1#1: signal 29 (SIGIO) received
2026/06/07 14:11:51 [notice] 1#1: signal 17 (SIGCHLD) received from 25
2026/06/07 14:11:51 [notice] 1#1: worker process 23 exited with code 0
2026/06/07 14:11:51 [notice] 1#1: worker process 24 exited with code 0
2026/06/07 14:11:51 [notice] 1#1: worker process 25 exited with code 0
2026/06/07 14:11:51 [notice] 1#1: exit
2026/06/07 14:13:04 [notice] 1#1: using the "epoll" event method
2026/06/07 14:13:04 [notice] 1#1: nginx/1.28.0
2026/06/07 14:13:04 [notice] 1#1: built by gcc 14.2.0 (Alpine 14.2.0) 
2026/06/07 14:13:04 [notice] 1#1: OS: Linux 6.17.0-35-generic
2026/06/07 14:13:04 [notice] 1#1: getrlimit(RLIMIT_NOFILE): 1024:524288
2026/06/07 14:13:04 [notice] 1#1: start worker processes
2026/06/07 14:13:04 [notice] 1#1: start worker process 22
2026/06/07 14:13:04 [notice] 1#1: start worker process 23
2026/06/07 14:13:04 [notice] 1#1: start worker process 24
2026/06/07 14:13:04 [notice] 1#1: start worker process 25
